<?xml version="1.0" encoding="UTF-8" ?>
<testsuite tests="3" failures="0" name="com.tosunsi.example.optional.OptionalTest" time="0.015" errors="0" skipped="0">
  <properties>
    <property name="idea.version" value="2016.2"/>
    <property name="java.runtime.name" value="Java(TM) SE Runtime Environment"/>
    <property name="sun.boot.library.path" value="D:\dev\stime\tools\java\jdk1.8.0_60\jre\bin"/>
    <property name="java.vm.version" value="25.60-b23"/>
    <property name="java.vm.vendor" value="Oracle Corporation"/>
    <property name="java.vendor.url" value="http://java.oracle.com/"/>
    <property name="path.separator" value=";"/>
    <property name="guice.disable.misplaced.annotation.check" value="true"/>
    <property name="java.vm.name" value="Java HotSpot(TM) 64-Bit Server VM"/>
    <property name="file.encoding.pkg" value="sun.io"/>
    <property name="idea.launcher.port" value="7532"/>
    <property name="user.script" value=""/>
    <property name="user.country" value="FR"/>
    <property name="sun.java.launcher" value="SUN_STANDARD"/>
    <property name="sun.os.patch.level" value="Service Pack 1"/>
    <property name="java.vm.specification.name" value="Java Virtual Machine Specification"/>
    <property name="user.dir" value="D:\dev\stime\projects\java8-example"/>
    <property name="java.runtime.version" value="1.8.0_60-b27"/>
    <property name="java.awt.graphicsenv" value="sun.awt.Win32GraphicsEnvironment"/>
    <property name="java.endorsed.dirs" value="D:\dev\stime\tools\java\jdk1.8.0_60\jre\lib\endorsed"/>
    <property name="os.arch" value="amd64"/>
    <property name="java.io.tmpdir" value="C:\Users\mtosun\AppData\Local\Temp\"/>
    <property name="line.separator" value="
"/>
    <property name="java.vm.specification.vendor" value="Oracle Corporation"/>
    <property name="user.variant" value=""/>
    <property name="os.name" value="Windows 7"/>
    <property name="classworlds.conf" value="D:\dev\stime\tools\maven\apache-maven-3.1.1-bin\bin\m2.conf"/>
    <property name="sun.jnu.encoding" value="Cp1252"/>
    <property name="java.library.path" value="D:\dev\stime\tools\java\jdk1.8.0_60\bin;C:\windows\Sun\Java\bin;C:\windows\system32;C:\windows;C:\Program Files (x86)\Teradata\Client\13.0\CLIv2\;C:\Program Files\Teradata\Client\15.00\ODBC Driver for Teradata nt-x8664\Lib\;C:\Program Files (x86)\Teradata\Client\15.00\ODBC Driver for Teradata\Lib\;C:\Program Files\Teradata\Client\15.00\bin\;C:\Program Files (x86)\Teradata\Client\15.00\bin\;C:\ProgramData\Oracle\Java\javapath;D:\app\mtosun\product\11.2.0\client_1\bin;D:\app\Administrateur\product\11.2.0\client_1\bin;C:\windows\system32;C:\windows;C:\windows\System32\Wbem;C:\windows\System32\WindowsPowerShell\v1.0\;C:\Program Files (x86)\Common Files\Roxio Shared\DLLShared\;C:\Program Files (x86)\Common Files\Roxio Shared\10.0\DLLShared\;C:\Program Files\SlikSvn\bin;D:\dev\stime\tools\java\jdk1.7.0_60\bin;C:\progra~1\intern~1\;C:\Python27;C:\Program Files\Git\cmd;C:\Program Files\nodejs\;C:\Users\mtosun\AppData\Roaming\npm;D:\dev\stime\tools\front\nodejs;D:\dev\stime\tools\front\Ruby21-x64\bin;C:\ProgramData\Oracle\Java\javapath;D:\app\mtosun\product\11.2.0\client_1\bin;D:\app\Administrateur\product\11.2.0\client_1\bin;C:\windows\system32;C:\windows;C:\windows\System32\Wbem;C:\windows\System32\WindowsPowerShell\v1.0\;C:\Program Files (x86)\Common Files\Roxio Shared\DLLShared\;C:\Program Files (x86)\Common Files\Roxio Shared\10.0\DLLShared\;C:\Program Files\SlikSvn\bin;D:\dev\stime\tools\java\jdk1.7.0_60\bin;C:\progra~1\intern~1&quot;;C:\Program Files (x86)\Git\bin;."/>
    <property name="java.specification.name" value="Java Platform API Specification"/>
    <property name="java.class.version" value="52.0"/>
    <property name="sun.management.compiler" value="HotSpot 64-Bit Tiered Compilers"/>
    <property name="maven.repo.local" value="D:\dev\stime\tools\maven\repository"/>
    <property name="os.version" value="6.1"/>
    <property name="user.home" value="C:\Users\mtosun"/>
    <property name="user.timezone" value="Europe/Paris"/>
    <property name="java.awt.printerjob" value="sun.awt.windows.WPrinterJob"/>
    <property name="java.specification.version" value="1.8"/>
    <property name="idea.launcher.bin.path" value="D:\JetBrains\IntelliJ IDEA Community Edition 2016.2\bin"/>
    <property name="file.encoding" value="UTF-8"/>
    <property name="user.name" value="mtosun"/>
    <property name="java.class.path" value="D:\dev\stime\tools\maven\apache-maven-3.1.1-bin\boot\plexus-classworlds-2.5.1.jar;D:\JetBrains\IntelliJ IDEA Community Edition 2016.2\lib\idea_rt.jar"/>
    <property name="org.slf4j.simpleLogger.defaultLogLevel" value="info"/>
    <property name="java.vm.specification.version" value="1.8"/>
    <property name="sun.arch.data.model" value="64"/>
    <property name="java.home" value="D:\dev\stime\tools\java\jdk1.8.0_60\jre"/>
    <property name="sun.java.command" value="com.intellij.rt.execution.application.AppMain org.codehaus.classworlds.Launcher -Didea.version=2016.2 -s D:\dev\stime\tools\maven\apache-maven-3.1.1-bin\conf\settings.xml -Dmaven.repo.local=D:\dev\stime\tools\maven\repository install"/>
    <property name="java.specification.vendor" value="Oracle Corporation"/>
    <property name="user.language" value="fr"/>
    <property name="awt.toolkit" value="sun.awt.windows.WToolkit"/>
    <property name="java.vm.info" value="mixed mode"/>
    <property name="java.version" value="1.8.0_60"/>
    <property name="java.ext.dirs" value="D:\dev\stime\tools\java\jdk1.8.0_60\jre\lib\ext;C:\windows\Sun\Java\lib\ext"/>
    <property name="sun.boot.class.path" value="D:\dev\stime\tools\java\jdk1.8.0_60\jre\lib\resources.jar;D:\dev\stime\tools\java\jdk1.8.0_60\jre\lib\rt.jar;D:\dev\stime\tools\java\jdk1.8.0_60\jre\lib\sunrsasign.jar;D:\dev\stime\tools\java\jdk1.8.0_60\jre\lib\jsse.jar;D:\dev\stime\tools\java\jdk1.8.0_60\jre\lib\jce.jar;D:\dev\stime\tools\java\jdk1.8.0_60\jre\lib\charsets.jar;D:\dev\stime\tools\java\jdk1.8.0_60\jre\lib\jfr.jar;D:\dev\stime\tools\java\jdk1.8.0_60\jre\classes"/>
    <property name="java.vendor" value="Oracle Corporation"/>
    <property name="maven.home" value="D:\dev\stime\tools\maven\apache-maven-3.1.1-bin"/>
    <property name="file.separator" value="\"/>
    <property name="java.vendor.url.bug" value="http://bugreport.sun.com/bugreport/"/>
    <property name="sun.cpu.endian" value="little"/>
    <property name="sun.io.unicode.encoding" value="UnicodeLittle"/>
    <property name="sun.desktop" value="windows"/>
    <property name="sun.cpu.isalist" value="amd64"/>
  </properties>
  <testcase classname="com.tosunsi.example.optional.OptionalTest" name="testFlatMapEmptyOptionalWithMethodReference" time="0"/>
  <testcase classname="com.tosunsi.example.optional.OptionalTest" name="testFlatMapEmptyOptionalWithLambda" time="0"/>
  <testcase classname="com.tosunsi.example.optional.OptionalTest" name="testFlatMapNotEmptyOptionalWithMethodReference" time="0.015"/>
</testsuite>